2025-03-29 17:18:35,489 - httpx - INFO - HTTP Request: POST https://byusiqwoquunjziemrmz.supabase.co/auth/v1/token?grant_type=password "HTTP/1.1 200 OK"
2025-03-29 17:18:41,781 - httpx - INFO - HTTP Request: GET https://byusiqwoquunjziemrmz.supabase.co/auth/v1/user "HTTP/1.1 200 OK"
2025-03-29 17:18:41,906 - httpx - INFO - HTTP Request: GET https://byusiqwoquunjziemrmz.supabase.co/auth/v1/user "HTTP/1.1 200 OK"
2025-03-29 17:18:41,990 - httpx - INFO - HTTP Request: POST https://eclass.seoultech.ac.kr/ilos/lo/login.acl "HTTP/1.1 200 OK"
2025-03-29 17:18:42,017 - httpx - INFO - HTTP Request: GET https://eclass.seoultech.ac.kr/ilos/main/main_form.acl "HTTP/1.1 200 OK"
2025-03-29 17:18:42,027 - app.services.eclass_service - INFO - 사용자 ca3f1f66-5610-4659-8c86-0b134f784a86의 강의 목록 조회 시작
2025-03-29 17:18:42,050 - httpx - INFO - HTTP Request: GET https://eclass.seoultech.ac.kr/ilos/main/main_form.acl "HTTP/1.1 200 OK"
2025-03-29 17:18:42,084 - sqlalchemy.engine.Engine - INFO - select pg_catalog.version()
2025-03-29 17:18:42,084 - sqlalchemy.engine.Engine - INFO - [raw sql] ()
2025-03-29 17:18:42,086 - sqlalchemy.engine.Engine - INFO - select current_schema()
2025-03-29 17:18:42,086 - sqlalchemy.engine.Engine - INFO - [raw sql] ()
2025-03-29 17:18:42,087 - sqlalchemy.engine.Engine - INFO - show standard_conforming_strings
2025-03-29 17:18:42,087 - sqlalchemy.engine.Engine - INFO - [raw sql] ()
2025-03-29 17:18:42,088 - sqlalchemy.engine.Engine - INFO - BEGIN (implicit)
2025-03-29 17:18:42,094 - sqlalchemy.engine.Engine - INFO - SELECT courses.id, courses.user_id, courses.name, courses.code, courses.time, courses.created_at, courses.updated_at 
FROM courses 
WHERE courses.user_id = $1::VARCHAR
2025-03-29 17:18:42,094 - sqlalchemy.engine.Engine - INFO - [generated in 0.00022s] ('ca3f1f66-5610-4659-8c86-0b134f784a86',)
2025-03-29 17:18:42,097 - sqlalchemy.engine.Engine - INFO - ROLLBACK
2025-03-29 17:35:13,388 - httpx - INFO - HTTP Request: POST https://byusiqwoquunjziemrmz.supabase.co/auth/v1/token?grant_type=password "HTTP/1.1 200 OK"
2025-03-29 17:35:19,970 - httpx - INFO - HTTP Request: GET https://byusiqwoquunjziemrmz.supabase.co/auth/v1/user "HTTP/1.1 200 OK"
2025-03-29 17:35:20,297 - httpx - INFO - HTTP Request: GET https://byusiqwoquunjziemrmz.supabase.co/auth/v1/user "HTTP/1.1 200 OK"
2025-03-29 17:35:20,374 - httpx - INFO - HTTP Request: POST https://eclass.seoultech.ac.kr/ilos/lo/login.acl "HTTP/1.1 200 OK"
2025-03-29 17:35:20,399 - httpx - INFO - HTTP Request: GET https://eclass.seoultech.ac.kr/ilos/main/main_form.acl "HTTP/1.1 200 OK"
2025-03-29 17:35:20,415 - app.services.eclass_service - INFO - 사용자 ca3f1f66-5610-4659-8c86-0b134f784a86의 강의 목록 조회 시작
2025-03-29 17:35:20,435 - httpx - INFO - HTTP Request: GET https://eclass.seoultech.ac.kr/ilos/main/main_form.acl "HTTP/1.1 200 OK"
2025-03-29 17:35:20,475 - sqlalchemy.engine.Engine - INFO - select pg_catalog.version()
2025-03-29 17:35:20,476 - sqlalchemy.engine.Engine - INFO - [raw sql] ()
2025-03-29 17:35:20,478 - sqlalchemy.engine.Engine - INFO - select current_schema()
2025-03-29 17:35:20,478 - sqlalchemy.engine.Engine - INFO - [raw sql] ()
2025-03-29 17:35:20,480 - sqlalchemy.engine.Engine - INFO - show standard_conforming_strings
2025-03-29 17:35:20,480 - sqlalchemy.engine.Engine - INFO - [raw sql] ()
2025-03-29 17:35:20,481 - sqlalchemy.engine.Engine - INFO - BEGIN (implicit)
2025-03-29 17:35:20,488 - sqlalchemy.engine.Engine - INFO - SELECT courses.id, courses.user_id, courses.name, courses.code, courses.time, courses.created_at, courses.updated_at 
FROM courses 
WHERE courses.user_id = $1::VARCHAR
2025-03-29 17:35:20,488 - sqlalchemy.engine.Engine - INFO - [generated in 0.00020s] ('ca3f1f66-5610-4659-8c86-0b134f784a86',)
2025-03-29 17:35:20,491 - sqlalchemy.engine.Engine - INFO - ROLLBACK
2025-05-31 14:18:55,792 - __main__ - WARNING - 포트 8000가 이미 사용 중입니다. 다른 포트를 찾습니다.
2025-05-31 14:18:55,792 - __main__ - INFO - 사용 가능한 포트를 찾았습니다: 8001
2025-05-31 14:18:55,792 - __main__ - INFO - 서버를 시작합니다: 0.0.0.0:8001
2025-05-31 15:48:07,413 - __main__ - WARNING - 포트 8000가 이미 사용 중입니다. 다른 포트를 찾습니다.
2025-05-31 15:48:07,413 - __main__ - INFO - 사용 가능한 포트를 찾았습니다: 8002
2025-05-31 15:48:07,413 - __main__ - INFO - 서버를 시작합니다: 0.0.0.0:8002
2025-05-31 15:51:18,749 - httpx - INFO - HTTP Request: POST https://evknhkmfwgbzmbdgfvme.supabase.co/auth/v1/signup "HTTP/1.1 400 Bad Request"
2025-05-31 15:51:19,159 - httpx - INFO - HTTP Request: POST https://evknhkmfwgbzmbdgfvme.supabase.co/auth/v1/token?grant_type=password "HTTP/1.1 400 Bad Request"
2025-05-31 15:51:30,735 - httpx - INFO - HTTP Request: POST https://evknhkmfwgbzmbdgfvme.supabase.co/auth/v1/signup "HTTP/1.1 400 Bad Request"
2025-05-31 15:51:37,832 - httpx - INFO - HTTP Request: POST https://evknhkmfwgbzmbdgfvme.supabase.co/auth/v1/signup "HTTP/1.1 200 OK"
2025-05-31 15:51:46,090 - httpx - INFO - HTTP Request: POST https://evknhkmfwgbzmbdgfvme.supabase.co/auth/v1/token?grant_type=password "HTTP/1.1 400 Bad Request"
2025-05-31 15:56:22,060 - httpx - INFO - HTTP Request: POST https://evknhkmfwgbzmbdgfvme.supabase.co/auth/v1/token?grant_type=password "HTTP/1.1 400 Bad Request"
2025-05-31 15:57:53,492 - httpx - INFO - HTTP Request: POST https://evknhkmfwgbzmbdgfvme.supabase.co/auth/v1/signup "HTTP/1.1 200 OK"
2025-05-31 15:58:08,764 - httpx - INFO - HTTP Request: POST https://evknhkmfwgbzmbdgfvme.supabase.co/auth/v1/token?grant_type=password "HTTP/1.1 400 Bad Request"
2025-05-31 16:01:19,139 - __main__ - WARNING - 포트 8000가 이미 사용 중입니다. 다른 포트를 찾습니다.
2025-05-31 16:01:19,139 - __main__ - INFO - 사용 가능한 포트를 찾았습니다: 8002
2025-05-31 16:01:19,139 - __main__ - INFO - 서버를 시작합니다: 0.0.0.0:8002
2025-05-31 16:01:43,455 - httpx - INFO - HTTP Request: POST https://eclass.seoultech.ac.kr/ilos/lo/login.acl "HTTP/1.1 200 OK"
2025-05-31 16:01:43,482 - httpx - INFO - HTTP Request: GET https://eclass.seoultech.ac.kr/ilos/main/main_form.acl "HTTP/1.1 200 OK"
2025-05-31 16:01:43,494 - app.services.eclass_service - INFO - 사용자 1ae6fcaa-c18d-40a7-83bb-56715689b47c의 강의 목록 조회 시작
2025-05-31 16:01:43,513 - httpx - INFO - HTTP Request: GET https://eclass.seoultech.ac.kr/ilos/main/main_form.acl "HTTP/1.1 200 OK"
2025-05-31 16:02:14,942 - __main__ - WARNING - 포트 8000가 이미 사용 중입니다. 다른 포트를 찾습니다.
2025-05-31 16:02:14,943 - __main__ - INFO - 사용 가능한 포트를 찾았습니다: 8002
2025-05-31 16:02:14,943 - __main__ - INFO - 서버를 시작합니다: 0.0.0.0:8002
2025-05-31 16:02:35,429 - httpx - INFO - HTTP Request: POST https://eclass.seoultech.ac.kr/ilos/lo/login.acl "HTTP/1.1 200 OK"
2025-05-31 16:02:35,452 - httpx - INFO - HTTP Request: GET https://eclass.seoultech.ac.kr/ilos/main/main_form.acl "HTTP/1.1 200 OK"
2025-05-31 16:02:35,465 - app.services.eclass_service - INFO - 사용자 1ae6fcaa-c18d-40a7-83bb-56715689b47c의 강의 목록 조회 시작
2025-05-31 16:02:35,486 - httpx - INFO - HTTP Request: GET https://eclass.seoultech.ac.kr/ilos/main/main_form.acl "HTTP/1.1 200 OK"
2025-05-31 16:03:09,266 - __main__ - WARNING - 포트 8000가 이미 사용 중입니다. 다른 포트를 찾습니다.
2025-05-31 16:03:09,267 - __main__ - INFO - 사용 가능한 포트를 찾았습니다: 8002
2025-05-31 16:03:09,267 - __main__ - INFO - 서버를 시작합니다: 0.0.0.0:8002
2025-05-31 16:03:33,616 - httpx - INFO - HTTP Request: POST https://eclass.seoultech.ac.kr/ilos/lo/login.acl "HTTP/1.1 200 OK"
2025-05-31 16:03:33,639 - httpx - INFO - HTTP Request: GET https://eclass.seoultech.ac.kr/ilos/main/main_form.acl "HTTP/1.1 200 OK"
2025-05-31 16:03:33,651 - app.services.eclass_service - INFO - 사용자 1ae6fcaa-c18d-40a7-83bb-56715689b47c의 강의 목록 조회 시작
2025-05-31 16:03:33,670 - httpx - INFO - HTTP Request: GET https://eclass.seoultech.ac.kr/ilos/main/main_form.acl "HTTP/1.1 200 OK"
2025-05-31 16:20:02,655 - httpx - INFO - HTTP Request: POST https://evknhkmfwgbzmbdgfvme.supabase.co/auth/v1/signup "HTTP/1.1 400 Bad Request"
2025-05-31 16:20:03,063 - httpx - INFO - HTTP Request: POST https://evknhkmfwgbzmbdgfvme.supabase.co/auth/v1/token?grant_type=password "HTTP/1.1 400 Bad Request"
2025-05-31 16:20:15,250 - httpx - INFO - HTTP Request: POST https://evknhkmfwgbzmbdgfvme.supabase.co/auth/v1/signup "HTTP/1.1 400 Bad Request"
2025-05-31 16:20:21,415 - httpx - INFO - HTTP Request: POST https://evknhkmfwgbzmbdgfvme.supabase.co/auth/v1/signup "HTTP/1.1 200 OK"
2025-05-31 16:20:26,615 - httpx - INFO - HTTP Request: POST https://evknhkmfwgbzmbdgfvme.supabase.co/auth/v1/token?grant_type=password "HTTP/1.1 400 Bad Request"
2025-05-31 16:21:58,266 - httpx - INFO - HTTP Request: POST https://evknhkmfwgbzmbdgfvme.supabase.co/auth/v1/signup "HTTP/1.1 400 Bad Request"
2025-05-31 16:22:05,330 - httpx - INFO - HTTP Request: POST https://evknhkmfwgbzmbdgfvme.supabase.co/auth/v1/signup "HTTP/1.1 200 OK"
2025-05-31 16:23:20,824 - httpx - INFO - HTTP Request: POST https://evknhkmfwgbzmbdgfvme.supabase.co/auth/v1/signup "HTTP/1.1 400 Bad Request"
2025-05-31 16:23:21,193 - httpx - INFO - HTTP Request: GET https://evknhkmfwgbzmbdgfvme.supabase.co/auth/v1/user "HTTP/1.1 403 Forbidden"
